MCCD 19.0.0 LTGHKQRN2  ProcessID=24244 (build 52 Feb  3 2019)Start

02/03/2019 15:50:01




Dump of Environment:


	INI Sources

	#1:	C:\Projects\CSF-Development\DesignerBatch\Main\Debug/csfsetup.ini
	#2:	Intesa_EstrattoConto.ini
	#3:	
	#4:	 

#1: ADJUST_EMPTY_PARAGRAPH                             TRUE
#1: ADV_CHART_CREATE_IMAGE_TYPE                        JPG
#1: ADV_CHART_IMAGES_IN_MEMORY                         FALSE
#1: AFP_240_SHADING                                    false
#1: AFP_BAR_GRIDLINES_IN_FRONT                         FALSE
#1: AFP_DUPLICATE_FONT_NAME_ACTION                     WARN
#1: AFP_FONT_CACHE_SIZE                                0
#1: AFP_FONT_CODE_PAGE                                 T1001252
#1: AFP_GOCA_AREA_FILL                                 FALSE
#1: AFP_GRAPHIC_LINE_FORMAT                            GOCA
#1: AFP_INCLUDE_CSF_VERSION_HEADER                     TRUE
#1: AFP_INSERTS_IN_PAGES                               FALSE
#1: AFP_IOB_INCL_MAPPING_AND_OBJ_AREA_SIZE_TRIPLETS    TRUE
#1: AFP_OVERLAY_PREFIX                                 O1
#1: AFP_PRINT_OVERLAYS                                 FALSE
#1: AFP_SUPPORTS_AUX_BINS_4_AND_ABOVE                  TRUE
#1: AFP_USE_PTOCA_SHADING                              FALSE
#1: ALLOW_LINE_BREAK_AFTER_HYPHEN                      TRUE
#1: ALLOW_UNEVEN_REPEATING_TABLE                       FALSE
#1: ARTIFICIAL_BOLD                                    FALSE
#1: BACKSIDE_OFFSET                                    0
#1: BAR2_OF_5_ENCODE                                   94,103
#1: BARCODE_2D_DATAMATRIX_PRODKEY                      INSERTYOURKEYHERE
#1: BARCODE_2D_PDF417_PRODKEY                          INSERTYOURKEYHERE
#1: BARCODE_DATA_MATRIX                                INTERNAL
#1: BARCODE_POSITION_PORTRAIT                          FALSE
#1: BAR_128_LOWERCASE_ACTION                           ERROR
#1: BAR_CODE_PAGE_DIR                                  C:\Projects\CSF-Development\DesignerBatch\Main\Debug
#1: BAR_CODE_PAGE_FILE_128                             128BarcodO.txt
#1: BAR_CODE_PAGE_FILE_25_INTERLEAVED                  2of5InterleavedNoneU.txt
#1: BAR_CODE_PAGE_FILE_39                              3of9None.txt
#1: BAR_CODE_PAGE_FILE_HR                              HRBARCOD.TXT
#1: BAR_GS1_ACTION                                     WARN
#1: BOXES_OPTIMIZED                                    TRUE
#1: CASE_TRANSLATION_CAP_AFTER_HYPHEN                  FALSE
#1: CASE_TRANSLATION_EXCEPTION_MATCH_EXACTLY           FALSE
#1: CHANNEL_CONFIG_DIRECTORY                           ./
#1: CHANNEL_EXECUTION_FAILURE_ACTION                   WARN
#1: CHECK_INPUT_DATE                                   FALSE
#1: CLEAR_SUSPEND_FIELDS                               TRUE
#1: COMPANION_RECORD_BEHAVIOR                          ONCE
#1: COMPARISON_IGNORE_LEADING_TRAILING_SPACES          TRUE
#1: CONTAINER_CONTENT_OVERRUN                          WARN
#1: CPT_FILE                                           C:\Projects\CSF-Development\DesignerBatch\Main\Debug/Codepage.cpt
#1: CREATE_MAPPED_DATA_INFO                            NONE
#1: CSFBIN                                             C:\Projects\CSF-Development\DesignerBatch\Main\Debug
#1: CSFDIR                                             C:\Projects\CSF-Development\DesignerBatch\Main\Debug
#1: CSFLIB                                             C:\Projects\CSF-Development\DesignerBatch\Main\Debug
#1: CSFLOG                                             .
#1: CSFPRJ                                             C:\Projects\CSF-Development\DesignerBatch\Main\Debug/Resources
#1: CSFRSC                                             C:\Projects\CSF-Development\DesignerBatch\Main\Debug/Resources
#1: CSS_FILE_DIRECTORY                                 ./css
#1: DATE_APPEND_ZERO                                   FALSE
#1: DELETE_INTERNAL_FILES                              TRUE
#1: DUPLICATE_OUTPUT_FILENAME_ACTION                   IGNORE
#1: EMAIL_EXTERNAL_ATTACHMENTS_DIRECTORY               C:\Projects\CSF-Development\DesignerBatch\Main\Debug/Resources
#1: EMAIL_HTML_BACKGROUND_COLOR                        ffffff
#1: EMAIL_PROPERTIES_FILE                              C:\Projects\CSF-Development\DesignerBatch\Main\Debug\emailservice.properties
#1: EMAIL_SAVE_ATTACHMENTS                             TRUE
#1: EMPTY_DATE_DISPLAY                                 BLANK
#1: EMPTY_EXTERNAL_IMAGE_DATA_ACTION                   WARN
#1: ENABLE_REALTIME_COMPANIONS                         FALSE
#1: ENCODING_ALIASES                                   aliases.txt
#1: ENDIAN_BYTE_ORDER                                  BIG
#2: ERROR_OUT                                          ./Output/csf.err
#1: ERROR_OUT_APPEND                                   FALSE
#1: EVERY_STATEMENT_REPORT                             FALSE
#1: EXCEL_START_SAVE_TABLE_ROW                         10000
#1: EXCEL_WRAP_TEXT                                    TRUE
#1: EXTERNAL_IMAGE_CONVERT_TO_UPPERCASE                TRUE
#1: EXTERNAL_PDF_START_FRONT_PAGE                      FALSE
#2: FONT_DIRECTORY                                     ./Fonts
#1: HIERARCHY_MISMATCH_ACTION                          WARNING
#1: HTML_BASE_FONT_SIZE                                16
#1: HTML_IMAGE_DIRECTORY                               ./HTML Images
#1: HTML_INCLUDE_BOM                                   TRUE
#1: HYPHENATION_PRODKEY                                INSERTYOURKEYHERE
#1: ICC_PROFILES_DIR                                   C:\Projects\CSF-Development\DesignerBatch\Main\Debug/Resources/ICCprofiles
#1: IMAGE_AUDIT_DETAIL                                 SUMMARY
#1: IMAGE_BACK_FOR_PREVIEW                             C:\Projects\CSF-Development\DesignerBatch\Main\Debug/Resources/AFS/back.tif
#1: IMAGE_BYPASS_INSERTION_PROCESS                     false
#1: IMAGE_DATA_SOURCE                                  C:\YourDirectory\Filename.csv
#2: IMAGE_DIRECTORY                                    ./Images
#1: IMAGE_FRONT_FOR_PREVIEW                            C:\Projects\CSF-Development\DesignerBatch\Main\Debug/Resources/AFS/front.tif
#1: IMAGE_INDEX_FIELD_ORDER                            0,1,2,3,4,5,6,7,8,9,10,11
#1: IMAGE_MISSING_THRESHOLD                            0
#1: IMAGE_NOT_FOUND                                    C:\Projects\CSF-Development\DesignerBatch\Main\Debug/Resources/AFS/missing.tif
#1: IMAGE_TRACE                                        FALSE
#1: IMAGE_VISION_SEARCH_FILE_MASK                      *
#1: IMAGE_VISION_SEARCH_WINDOW                         4
#1: IMAGE_WATERMARK_DIRECTORY                          C:\Projects\CSF-Development\DesignerBatch\Main\Debug
#1: INCLUDE_BACK_PAGE_IN_NUMBERING                     FALSE
#1: INCONSISTENT_SYSTEM_VARIABLES                      WARN
#1: INPUT_FILE_EMPTY                                   ERROR
#1: INPUT_FILE_EXCEEDS_2GB                             FALSE
#1: INPUT_VERBOSE                                      false
#1: INTUITION_PDF_PREVIEW_DUPLEX                       FALSE
#1: JAVA_CLASSPATH                                     C:\Projects\CSF-Development\DesignerBatch\Main\Debug;C:\Projects\CSF-Development\DesignerBatch\Main\Debug/csfCharts.jar;C:\Projects\CSF-Development\DesignerBatch\Main\Debug/ChartDirector.jar;C:\Projects\CSF-Development\DesignerBatch\Main\Debug/emailservice.jar;C:\Projects\CSF-Development\DesignerBatch\Main\Debug/javax.mail-1.5.1.jar;C:\Projects\CSF-Development\DesignerBatch\Main\Debug/axis2jars.jar;C:\Projects\CSF-Development\DesignerBatch\Main\Debug/smsinterface.jar;C:\Projects\CSF-Development\DesignerBatch\Main\Debug/custominterface.jar;C:\Projects\CSF-Development\DesignerBatch\Main\Debug/attachmentinterface.jar;.
#1: JS_FILE_DIRECTORY                                  ./js
#1: JS_RESOURCE_DIRECTORY                              C:\Projects\CSF-Development\DesignerBatch\Main\Debug/Resources/JS
#2: LOGGER                                             ./Output/csf.log
#1: LOGGER_APPEND                                      FALSE
#1: LOGGER_INCLUDE_MANIFEST                            TRUE
#1: MARKUP_FONT_NOT_FOUND_ACTION                       WARN
#1: MAXIMUM_DOCUMENTS                                  0
#1: MAX_WARNING                                        0
#1: MESSAGES                                           C:\Projects\CSF-Development\DesignerBatch\Main\Debug/errors.csf
#3: MESSAGE_DIR                                        ./Messages
#3: MESSAGE_FONT_DIR                                   ./Fonts
#3: MESSAGE_IMAGE_DIR                                  ./Images
#1: MESSAGE_MISSING_SELECTION_KEY_ACTION               IGNORE
#1: MESSAGE_SELECTION_KEY_MISMATCH_ACTION              IGNORE
#2: MESSAGE_STYLE_SET_DIRECTORY                        ./Styles
#3: MESSAGE_TABLE_DIR                                  ./Lookups
#1: MESSAGE_VERBOSE                                    false
#3: MESSAGE_VIDEO_DIRECTORY                            ./message_videos
#1: METACODE_FONT_CACHE_SIZE                           0
#2: MINIMIZE_JS_SIZE                                   FALSE
#1: MINIMUM_BAR_WIDTH                                  0.1
#1: MINIMUM_GOCA_LINE_THICKNESS                        4
#1: MISSING_DOCUMENT_ACTION                            IGNORE
#1: MISSING_EMAIL_ADDRESS_ACTION                       WARN
#1: MISSING_EMAIL_EXTERNAL_ATTACHMENT_ACTION           WARN
#1: MISSING_LOOKUP_KEY_ACTION                          WARN
#1: MISSING_PDF_TIFF_IMAGE_ACTION                      ERROR
#1: MISSING_SELECTION_KEY_ACTION                       ERROR
#1: MULTIPLE_EMAIL_DELIVERY_DOC_ACTION                 WARN
#1: MVS_PDF_ENCODING                                   winansi
#1: MVS_XML_TRANSLATION                                TRUE
#2: NORMAL_OUT                                         ./Output/csf.out
#1: NORMAL_OUT_APPEND                                  FALSE
#1: NORMAL_OUT_CSV                                     ./csf.csv
#1: NORMAL_OUT_TARGET                                  ./csf.trg
#1: NOTE_LEVEL                                         1
#1: NO_OUTPUT_ACTION                                   WARN
#1: NUMERIC_EDIT_PATTERN_ALLOW_SPLIT_ON_SPACE          TRUE
#1: OOXML_VALIDATE_SUPPORTED_FEATURES                  TRUE
#1: OPTIONAL_MESSAGES_ON_DUPLEX_BACK                   FALSE
#1: OUTPUT_FILENAME_REPLACE_EMBEDDED_SPACES            NONE
#1: PACKAGE_DOCS_IN_SEQUENTIAL_ORDER                   FALSE
#1: PACKAGE_TOC_SORT_DEFINITION_ORDER                  TRUE
#1: PARSER_VERBOSE                                     false
#1: PARSE_FILE_DIRECTORY                               C:\Projects\CSF-Development\DesignerBatch\Main\Debug/Resources
#1: PCL_BUFFER_SIZE                                    12
#1: PCL_FONT_MAPPING_FILE                              PclFontMappings.csv
#1: PDF_ALLOW_BLANK_FILE                               FALSE
#1: PDF_CMYK_ARCHIVE_ICC_PROFILE                       ISOcoated.icc
#1: PDF_EXTERNAL_FILE_DIRECTORY                        C:\Projects\CSF-Development\DesignerBatch\Main\Debug/Resources
#1: PDF_FILE_IMAGE_RESOLUTION                          150
#1: PDF_IMAGE_RESOLUTION                               72
#1: PDF_INCLUDE_CSF_VERSION_HEADER                     TRUE
#1: PDF_LINEARIZE                                      FALSE
#1: PDF_MAX_COPIES                                     50
#1: PDF_MISSING_PARENT_BOOKMARK                        WARN
#1: PDF_OVERRIDE_ENCODINGS                             TRUE
#1: PDF_READ_FONT_KERNING                              FALSE
#1: PIE_LABELS_EXCEED_FRAME                            WARN
#1: PIE_SHOW_SLICE_BORDERS                             TRUE
#1: PIE_SIZE_PERCENTAGE                                0
#1: POSTSCRIPT_FONT_TYPE                               42
#1: PRE_TRANSFORM_RENAME                               TRUE
#1: PROCESS_PACKAGE_IN_MEMORY                          TRUE
#1: PS_DYNAMIC_IMAGE_PROLOG                            FALSE
#1: PS_SEPARATE_PROLOG                                 FALSE
#1: PUBLISH_DOCUMENTS_DIR                              ./
#1: RECALCULATE_DOCUMENT_LAST_PAGE                     FALSE
#1: RECORD_IDENTIFIER_ACTION                           ERROR
#1: REPEAT_TRANSACTIONAL_MESSAGES_IN_GROUP             FALSE
#1: RESET_PREFIX_SEQUENCE_NUMBER_EACH_PAGE             TRUE
#1: RESPONSIVE_HTML_SCREEN_WIDTH_PERCENT_USED          98
#2: ROC_OUTPUT_DIR                                     ./Output
#1: ROW_AT_LEAST_EVERY_PAGE                            FALSE
#4: RUN                                                NORMAL
#1: RUN_TIME_ENCODING                                  cp1252
#1: SAVE_TABLE_ROW_INFO                                FALSE
#1: SAVE_TABLE_ROW_INFO_ALL_RECORDS                    FALSE
#1: SECOND_PAGE_HEADER_FOOTER                          FALSE
#1: SELECTION_KEY_MISMATCH_ACTION                      IGNORE
#1: SELECTION_KEY_PROCESS                              TRUE
#1: SELECT_MANDATORY_MESSAGES_FIRST                    TRUE
#1: SEND_BATCH_NOTIFICATION_EMAILS                     NONE
#1: SHOW_ALL_CHART_LABELS                              FALSE
#1: SHOW_EMPTY_CHART                                   TRUE
#1: START_SAVE_PAGES                                   0
#1: STATUS_LINE_PROGRESS_PERCENTAGE                    10
#1: STRING_SORT_FIELD_LENGTH_40                        TRUE
#1: STRUCTURED_XML_INCLUDE_CUSTOM_TAGGED_SECTIONS_ONLY FALSE
#2: STYLE_INCLUDES_HTML_ONLY_ELEMENTS                  TRUE
#2: STYLE_SET_DIRECTORY                                ./Styles
#1: SUSPEND_DIR                                        C:\Projects\CSF-Development\DesignerBatch\Main\Debug/Resources
#1: SUSPEND_RECORD_ERROR_ACTION                        STOP
#1: SVG_IMAGE_DIRECTORY                                ./SVG_Images
#1: SVG_IMAGE_TABLE_FILE                               ImageTable.csv
#1: SVG_INTERNAL_FILE                                  FALSE
#1: SVG_VERBOSE                                        false
#2: TABLE_DIRECTORY                                    ./Lookups
#1: TABLE_VERBOSE                                      false
#1: TEMPORARY_OUTPUT_DIR                               C:\Projects\CSF-Development\DesignerBatch\Main\Debug/Resources
#1: TEST_WATERMARK                                     FALSE
#1: TEXT_ASA                                           FALSE
#1: TEXT_CPI                                           12
#1: TEXT_HONOR_MARGINS                                 FALSE
#1: TEXT_LPI                                           8
#1: TEXT_NEXT_SPACE                                    FALSE
#1: TEXT_NL_END                                        TRUE
#1: TIFF_CACHE_SIZE                                    5
#1: TRANSFORM_INPUT                                    SKIP
#4: TRANSLATE_INPUT                                    TRUE
#1: TRANSLATE_XML                                      TRUE
#1: UNICODE_BREAK_TEXT_ON_SPACES                       FALSE
#1: UNIDENTIFIED_RECORD_ACTION                         ERROR
#1: UNIQUE_DYNAMIC_IMAGE                               FALSE
#1: USE_ALTERNATE_TEXT_LAYOUT                          FALSE
#1: USE_PAGE_OUTPUT_PROC_ON_BLANK_PAGE                 FALSE
#1: VALIDATE_INPUT_XML                                 FALSE
#1: VERIFY_IMAGE_RESOURCES                             TRUE
#1: VERSION                                            19.0
#1: VIDEO_DIRECTORY                                    ./video
#1: WHEN_TO_REMOVE_LEADING_TRAILING_SPACES             INPUT
#2: WHITE_SPACE_MANAGEMENT                             GUI
#1: WHITE_SPACE_MINIMUM_INCHES                         0.125
#1: XAML_IMAGE_DIRECTORY                               ./XAML Images
#1: XAML_VERBOSE                                       false
#1: XEROX_CSF_FONT_DIR                                 C:\Projects\CSF-Development\DesignerBatch\Main\Debug
#2: XML_DIRECTORY                                      ./
#1: XML_INPUT_USE_FIRST_UNORDERED_ELEMENT              FALSE

Run time encodings in effect:
    Run Time Encoding:          cp1252
    PCL Symbol Set:             19U
    PCL Encoding:               cp1252
    PDF Encoding:               cp1252
    PS Encoding:                cp1252
    IBM Run Time code page:     T1001252
    Xerox Output Code Page:     T1001252
    XML Output Encoding:        windows-1252
    Text Output Encoding:       windows-1252
    EBCDIC/ASCII Encoding:      IBM01148
    Default input Encoding:     windows-1252
    Default table Encoding:     windows-1252

Showing the run setup


Input file setup:
	Name:                              CSF Standard XML
	Type:                              csfstandardxml
	One Record Type:                   false
	Showing record identification values

	ANAGRAFE     "ANAGRAFE"
	MOVIMENTI    "MOVIMENTI"


Opening input data file 'INPUT_Estratto_Conto.xml'

     0%              File Size                     6756 bytes     15:50:02

Showing the run setup

MCCD 19.0.0 LTGHKQRN2  ProcessID=24244 (build 52 Feb  3 2019)Start run.

02/03/2019 15:50:02


 
Start Output Manifest 
 
   100%   Complete!                                               15:50:04

	Total number of records printed for stream:         3,124 
	Total number of records printed since threshold:    3,124 
	Total number of pages printed for stream:           6 
	Total number of pages printed since threshold:      6 
	Total number of statements printed for stream:      2 
	Total number of statements printed since threshold: 2 
	Stream Name: AFP 
 
	Total number of records printed for stream:         0 
	Total number of records printed since threshold:    0 
	Total number of pages printed for stream:           6 
	Total number of pages printed since threshold:      6 
	Total number of statements printed for stream:      2 
	Total number of statements printed since threshold: 2 
	Stream Name: PDF 
 
	Total number of records printed for stream:         0 
	Total number of records printed since threshold:    0 
	Total number of pages printed for stream:           2 
	Total number of pages printed since threshold:      2 
	Total number of statements printed for stream:      2 
	Total number of statements printed since threshold: 2 
	Stream Name: Responsive HTML 
 
 
End Output Manifest 
 
 
MCCD 19.0.0 LTGHKQRN2  ProcessID=24244 (build 52 Feb  3 2019)end run

02/03/2019 15:50:05



Designer Batch has detected 0 error(s),  and 31 warnings(s).
See the error messages for more detail.

MCCD 19.0.0 LTGHKQRN2  ProcessID=24244 (build 52 Feb  3 2019)End

02/03/2019 15:50:05


MCCD batch run completed successfully! 

