 WARNING 10217  Unable to open directory for read access. 
	Unable to open directory for read access. 

 NOTE    11467  Creating character translation table. 
	Xerox font text translation 

 
Creating Conversion table 
    from: cp1252 
    to:   T1001252 (Windows, Latin 1                 ) 
 
    encoding code point not in target code page: 0x00   
    encoding code point not in target code page: 0x01   
    encoding code point not in target code page: 0x02   
    encoding code point not in target code page: 0x03   
    encoding code point not in target code page: 0x04   
    encoding code point not in target code page: 0x05   
    encoding code point not in target code page: 0x06   
    encoding code point not in target code page: 0x07   
    encoding code point not in target code page: 0x08   
    encoding code point not in target code page: 0x09   
    encoding code point not in target code page: 0x0A   
    encoding code point not in target code page: 0x0B   
    encoding code point not in target code page: 0x0C   
    encoding code point not in target code page: 0x0D   
    encoding code point not in target code page: 0x0E   
    encoding code point not in target code page: 0x0F   
    encoding code point not in target code page: 0x10   
    encoding code point not in target code page: 0x11   
    encoding code point not in target code page: 0x12   
    encoding code point not in target code page: 0x13   
    encoding code point not in target code page: 0x14   
    encoding code point not in target code page: 0x15   
    encoding code point not in target code page: 0x16   
    encoding code point not in target code page: 0x17   
    encoding code point not in target code page: 0x18   
    encoding code point not in target code page: 0x19   
    encoding code point not in target code page: 0x1A   
    encoding code point not in target code page: 0x1B   
    encoding code point not in target code page: 0x1C   
    encoding code point not in target code page: 0x1D   
    encoding code point not in target code page: 0x1E   
    encoding code point not in target code page: 0x1F   
    encoding code point not in target code page: 0x7F   

 WARNING 11468  Code page note found. Character translation may be invalid. 
	Code page:   FILT1252 
	Replacement: T1001252 

 WARNING 11556  Filtering code page has not been found. Unable to filter special characters. 
	Code page: FILT1252 

 NOTE    11467  Creating character translation table. 
	AFP font text translation 

 
Creating Conversion table 
    from: cp1252 
    to:   T1001252 (Windows, Latin 1                 ) 
 
    Already have translation table. Will use existing table. 
 
 NOTE    11467  Creating character translation table. 
	Other ASCII/EBCDIC translation table 

 
Creating Conversion table 
    from: cp1252 
    to:   IBM01148 
 
    encoding code point not in target code page: 0x82 SP260000  SINGLE LOW-9 QUOTATION MARK 
    encoding code point not in target code page: 0x83 SC070000  LATIN SMALL LETTER F WITH HOOK 
    encoding code point not in target code page: 0x84 SP230000  DOUBLE LOW-9 QUOTATION MARK 
    encoding code point not in target code page: 0x85 SV520000  HORIZONTAL ELLIPSIS 
    encoding code point not in target code page: 0x86 SM340000  DAGGER 
    encoding code point not in target code page: 0x87 SM350000  DOUBLE DAGGER 
    encoding code point not in target code page: 0x88 SD150100  MODIFIER LETTER CIRCUMFLEX ACCENT 
    encoding code point not in target code page: 0x89 SM560000  PER MILLE SIGN 
    encoding code point not in target code page: 0x8A LS220000  LATIN CAPITAL LETTER S WITH CARON 
    encoding code point not in target code page: 0x8B SP270000  SINGLE LEFT-POINTING ANGLE QUOTATION MARK 
    encoding code point not in target code page: 0x8C LO520000  LATIN CAPITAL LIGATURE OE 
    encoding code point not in target code page: 0x8E LZ220000  LATIN CAPITAL LETTER Z WITH CARON 
    encoding code point not in target code page: 0x91 SP190000  LEFT SINGLE QUOTATION MARK 
    encoding code point not in target code page: 0x92 SP200000  RIGHT SINGLE QUOTATION MARK 
    encoding code point not in target code page: 0x93 SP210000  LEFT DOUBLE QUOTATION MARK 
    encoding code point not in target code page: 0x94 SP220000  RIGHT DOUBLE QUOTATION MARK 
    encoding code point not in target code page: 0x95 SM570000  BULLET 
    encoding code point not in target code page: 0x96 SS680000  EN DASH 
    encoding code point not in target code page: 0x97 SM900000  EM DASH 
    encoding code point not in target code page: 0x98 SD190100  SMALL TILDE 
    encoding code point not in target code page: 0x99 SM540000  TRADE MARK SIGN 
    encoding code point not in target code page: 0x9A LS210000  LATIN SMALL LETTER S WITH CARON 
    encoding code point not in target code page: 0x9B SP280000  SINGLE RIGHT-POINTING ANGLE QUOTATION MARK 
    encoding code point not in target code page: 0x9C LO510000  LATIN SMALL LIGATURE OE 
    encoding code point not in target code page: 0x9E LZ210000  LATIN SMALL LETTER Z WITH CARON 
    encoding code point not in target code page: 0x9F LY180000  LATIN CAPITAL LETTER Y WITH DIAERESIS 
    encoding code point not in target code page: 0xA4 SC010000  CURRENCY SIGN 

 NOTE    11467  Creating character translation table. 
	Other ASCII/EBCDIC translation table 

 
Creating Conversion table 
    from: IBM01148 
    to:   cp1252 
 
    encoding code point not in target code page: 0x04   
    encoding code point not in target code page: 0x06   
    encoding code point not in target code page: 0x08   
    encoding code point not in target code page: 0x0A   
    encoding code point not in target code page: 0x15   
    encoding code point not in target code page: 0x17   
    encoding code point not in target code page: 0x1A   
    encoding code point not in target code page: 0x20   
    encoding code point not in target code page: 0x22   
    encoding code point not in target code page: 0x23   
    encoding code point not in target code page: 0x24   
    encoding code point not in target code page: 0x28   
    encoding code point not in target code page: 0x29   
    encoding code point not in target code page: 0x2A   
    encoding code point not in target code page: 0x2B   
    encoding code point not in target code page: 0x2C   
    encoding code point not in target code page: 0x31   
    encoding code point not in target code page: 0x33   
    encoding code point not in target code page: 0x34   
    encoding code point not in target code page: 0x35   
    encoding code point not in target code page: 0x36   
    encoding code point not in target code page: 0x38   
    encoding code point not in target code page: 0x39   
    encoding code point not in target code page: 0x3A   
    encoding code point not in target code page: 0x3B   
    encoding code point not in target code page: 0x3E   
    encoding code point not in target code page: 0xFF   

	Command Line Parameters:
		ini-file: Intesa_EstrattoConto.ini
		inp-file: INPUT_Estratto_Conto.xml
		XML-file: Intesa_EstrattoConto.xml

 NOTE    0 
	Starting XML Parse 

 WARNING 11474  INPUT_DESIGN missing from INI file. Will use the default definition. 
	CSF Standard XML 

 WARNING 11816 
	 

 WARNING 11816 
	 

 WARNING 11823 
	 

 WARNING 11627 
	 

 WARNING 11816 
	 

 WARNING 11816 
	 

 NOTE    0 
	Finishing XML Parse 
	XML File Name: ./Intesa_EstrattoConto.xml 

 NOTE    10234  Starting run setup. 
	Run Name: NORMAL 

 NOTE    10260  Starting the setup for the stream. 
	Stream: .\Output\Intesa_ECI.afp 


Stream:
=======
Name                 : AFP
Description          : AFP Stream
ROCID                : 
ParentROCID          : 
Component Version    : 1.0.0
Condition            : 00000000
UserOutputFilename   : 
OutputFilename       : Intesa_ECI.afp
ThresholdPattern     : 
SortControlName      : 
ExtensionName        : 
DeviceID             : 0
DeviceName           : 
NUp                  : 0
NUpOffset            : 0
N-Up Option			: 0
DevicType            : 12
EnableColor          : 1
ColorPaletteFile     : 
ThresholdType        : 0
ThresholdVaue        : 0
ThresholdOutputType  : 0
ThresholdSubChar     : #
ThresholdSubField    : 00000000
SuspendFileName      : 
ThresholdOnBreak     : 0
PageSequence         : 0
CopyGroup            : 0
Output Prefix        : 00000000
Logical Record Length: 0
BlockSize:           : 0
Record Format        : vba
TwoUp Indicator      : 1
Page Full Width      : 0
TwoUp Offset			: 0
ThresholdID 			: 
Number of Copies 	: 00000000
Code Page Name		: utf-8
Number of companions : 0
Gray Scale Space     : 0
Intuition Stream     : 0
Image Format         : IOCA Bi-level Format
Dynamic Image Format         : External Image
Pdf Tiff Image Format         : IOCA Bi-level Format
Graphic Format       : GOCA
Resolution           : Bounded Box 300
Medium orienation    : Portrait
Font Subset    false
CMYK                 : 0
Screening			:  false
Printer check image handling: none
BSP Output			:  false
Include code page resource: true
FontMapId            : 0
TransformationId            : 0
HorizontalScaling            : 0
VerticalScaling            : 0
HorizontalOffset            : 0
VerticalOffset            : 0
TransformationRotation            : 0
EnableCMRSupport				: 0
CMRFileName					: 

 
Creating Conversion table 
    from: cp1252 
    to:   T1001252 (Windows, Latin 1                 ) 
 
    Already have translation table. Will use existing table. 
 
 
Creating Conversion table 
    from: unicode 
    to:   T1001252 (Windows, Latin 1                 ) 
 

 NOTE    10261  Finished setup for the stream. 
	Stream: .\Output\AFP 

 NOTE    10260  Starting the setup for the stream. 
	Stream: .\Output\Intesa_ECI.pdf 


Stream:
=======
Name                 : PDF
Description          : PDF Stream
ROCID                : 
ParentROCID          : 
Component Version    : 1.0.0
Condition            : 00000000
UserOutputFilename   : 
OutputFilename       : Intesa_ECI.pdf
ThresholdPattern     : 
SortControlName      : 
ExtensionName        : 
DeviceID             : 0
DeviceName           : 
NUp                  : 0
NUpOffset            : 0
N-Up Option			: 0
DevicType            : 15
EnableColor          : 1
ColorPaletteFile     : 
ThresholdType        : 0
ThresholdVaue        : 0
ThresholdOutputType  : 0
ThresholdSubChar     : #
ThresholdSubField    : 00000000
SuspendFileName      : 
ThresholdOnBreak     : 0
PageSequence         : 0
CopyGroup            : 0
Output Prefix        : 00000000
Logical Record Length: 0
BlockSize:           : 0
Record Format        : vba
TwoUp Indicator      : 1
Page Full Width      : 0
TwoUp Offset			: 0
ThresholdID 			: 
Number of Copies 	: 00000000
Code Page Name		: utf-8
Number of companions : 0
Gray Scale Space     : 0
Intuition Stream     : 0
Font Option          : E
Font Subset          : 0
Compression          : 0
EnableSecurity       : 0
Print                : 1
Edit                 : 0
Copy                 : 0
EditNotes            : 0
OwnerPassword        : 00000000
UserPassword         : 00000000
External PDF         : 0
Duplex Blank Page    : 0
Hyperlinks           : 1
Bookmarks            : 1
PDF/A-1b             : 0
PDF Signatures       : 1
Enable form elements : 1
XObject Compression  : 1
PDF UA               : 0
Internal links       : 1
Color Space          : 0

 NOTE    10261  Finished setup for the stream. 
	Stream: .\Output\PDF 

 NOTE    10260  Starting the setup for the stream. 
	Stream: .\Output\Intesa_ECI_Responsive.html 


Stream:
=======
Name                 : Responsive HTML
Description          : XML Stream
ROCID                : 
ParentROCID          : 
Component Version    : 1.0.0
Condition            : 00000000
UserOutputFilename   : 
OutputFilename       : Intesa_ECI_Responsive.html
ThresholdPattern     : 
SortControlName      : 
ExtensionName        : 
DeviceID             : 0
DeviceName           : 
NUp                  : 0
NUpOffset            : 0
N-Up Option			: 0
DevicType            : 23
EnableColor          : 0
ColorPaletteFile     : 
ThresholdType        : 0
ThresholdVaue        : 0
ThresholdOutputType  : 0
ThresholdSubChar     : #
ThresholdSubField    : 00000000
SuspendFileName      : 
ThresholdOnBreak     : 0
PageSequence         : 0
CopyGroup            : 0
Output Prefix        : 00000000
Logical Record Length: 0
BlockSize:           : 0
Record Format        : VB
TwoUp Indicator      : 1
Page Full Width      : 0
TwoUp Offset			: 0
ThresholdID 			: 
Number of Copies 	: 00000000
Code Page Name		: utf-8
Number of companions : 0
Gray Scale Space     : 0
Intuition Stream     : 0
Type                 : X
Force upper case     : 0
XML Pagination       : 0
Gen XML Proc inst    : 1
Header/Footer suppr  : 1
Message text suppr   : 1
Collect Custom Names : 1
Collect Paragraphs   : 0
Hyperlinks           : 1
Bookmarks            : 0
Message Data Only    : 0

 NOTE    11076  XML stream option activated: 
	Include Header/Footer data 

 NOTE    10261  Finished setup for the stream. 
	Stream: .\Output\Responsive HTML 

 NOTE    10245  Start the document run. 
	 

 NOTE    10262  Starting the document run for the stream. 
	Stream: AFP 

 NOTE    10350  Starting setup for extension records. 
	 

 NOTE    10351  Finishing setup for extension records. 
	 

 NOTE    10352  Starting setup for Companion File records. 
	 

 NOTE    10353  Finishing setup for Companion File records. 
	 

 NOTE    10263  The document run has been started for the stream. 
	Stream: AFP 

 NOTE    10262  Starting the document run for the stream. 
	Stream: PDF 

 NOTE    10350  Starting setup for extension records. 
	 

 NOTE    10351  Finishing setup for extension records. 
	 

 NOTE    10352  Starting setup for Companion File records. 
	 

 NOTE    10353  Finishing setup for Companion File records. 
	 

 NOTE    10263  The document run has been started for the stream. 
	Stream: PDF 

 NOTE    10262  Starting the document run for the stream. 
	Stream: Responsive HTML 

 NOTE    10350  Starting setup for extension records. 
	 

 NOTE    10351  Finishing setup for extension records. 
	 

 NOTE    10352  Starting setup for Companion File records. 
	 

 NOTE    10353  Finishing setup for Companion File records. 
	 

 NOTE    10263  The document run has been started for the stream. 
	Stream: Responsive HTML 

 NOTE    10235  Finished run setup. 
	Run Name: NORMAL 

 NOTE    10237  Finished the ROC Batch Setup. 
	 

 NOTE    10240  About to declare fonts. 
	 

 NOTE    10242  Start processing the input file. 
	Input File: INPUT_Estratto_Conto.xml 

 NOTE    10266  Declaring the fonts for the stream. 
	Stream: AFP 

 NOTE    10267  The fonts have been declared for the stream. 
	Stream: AFP 

 NOTE    10266  Declaring the fonts for the stream. 
	Stream: PDF 

 NOTE    10267  The fonts have been declared for the stream. 
	Stream: PDF 

 NOTE    10266  Declaring the fonts for the stream. 
	Stream: Responsive HTML 

 NOTE    10267  The fonts have been declared for the stream. 
	Stream: Responsive HTML 

 NOTE    10241  Finished declaring fonts. 
	 

 WARNING 11157  Font contains some kerning information. The font may not print as expected. 
	Font Id: 18 

 WARNING 11157  Font contains some kerning information. The font may not print as expected. 
	Font Id: 18 

 WARNING 11157  Font contains some kerning information. The font may not print as expected. 
	Font Id: 0 

 WARNING 11157  Font contains some kerning information. The font may not print as expected. 
	Font Id: 9 

 WARNING 11157  Font contains some kerning information. The font may not print as expected. 
	Font Id: 9 

 WARNING 11157  Font contains some kerning information. The font may not print as expected. 
	Font Id: 9 

 WARNING 11157  Font contains some kerning information. The font may not print as expected. 
	Font Id: 9 

 WARNING 11157  Font contains some kerning information. The font may not print as expected. 
	Font Id: 27 

 WARNING 11157  Font contains some kerning information. The font may not print as expected. 
	Font Id: 27 

 WARNING 11157  Font contains some kerning information. The font may not print as expected. 
	Font Id: 27 

 WARNING 11157  Font contains some kerning information. The font may not print as expected. 
	Font Id: 180 

 WARNING 11157  Font contains some kerning information. The font may not print as expected. 
	Font Id: 180 

 WARNING 11157  Font contains some kerning information. The font may not print as expected. 
	Font Id: 198 

 WARNING 11157  Font contains some kerning information. The font may not print as expected. 
	Font Id: 198 

 WARNING 11157  Font contains some kerning information. The font may not print as expected. 
	Font Id: 198 

 WARNING 11157  Font contains some kerning information. The font may not print as expected. 
	Font Id: 72 

 WARNING 11157  Font contains some kerning information. The font may not print as expected. 
	Font Id: 9 

 WARNING 11157  Font contains some kerning information. The font may not print as expected. 
	Font Id: 18 

 WARNING 11157  Font contains some kerning information. The font may not print as expected. 
	Font Id: 36 

 WARNING 11157  Font contains some kerning information. The font may not print as expected. 
	Font Id: 9 

 WARNING 11157  Font contains some kerning information. The font may not print as expected. 
	Font Id: 18 

 NOTE    11974 
	 

 NOTE    11930 
	 

 NOTE    11930 
	 

 NOTE    10243  Finish processing the input file. 
	Input File: INPUT_Estratto_Conto.xml 

 NOTE    10264  Ending the document run for the stream. 
	Stream: .\Output\Intesa_ECI.afp 

 NOTE    10265  The document run has been ended for the stream. 
	Stream: .\Output\Intesa_ECI.afp 

 NOTE    10935  End of stream.  Output records generated for this device listed below: 
	 

 NOTE    10264  Ending the document run for the stream. 
	Stream: .\Output\Intesa_ECI.pdf 

 NOTE    10265  The document run has been ended for the stream. 
	Stream: .\Output\Intesa_ECI.pdf 

 NOTE    10935  End of stream.  Output records generated for this device listed below: 
	 

 NOTE    10264  Ending the document run for the stream. 
	Stream: .\Output\Intesa_ECI_Responsive.html 

 NOTE    10265  The document run has been ended for the stream. 
	Stream: .\Output\Intesa_ECI_Responsive.html 

 NOTE    10935  End of stream.  Output records generated for this device listed below: 
	 

 NOTE    10244  Finish the document run. 
	End 1 


0 error(s), 31 warnings(s)

MCCD batch run completed successfully! 

